<?xml version="1.0" encoding="UTF-8"?>
<!-- Generated by org.testng.reporters.JUnitReportReporter -->
<testsuite skipped="0" hostname="DESKTOP-JFJ5P9L" name="selenium.ReadExcelData" tests="1" failures="0" timestamp="28 Sep 2019 10:05:19 GMT" time="1.465" errors="0">
  <testcase name="readCredentials" time="1.465" classname="selenium.ReadExcelData"/>
</testsuite> <!-- selenium.ReadExcelData -->
